<?xml version="1.0" encoding="UTF-8"?>
<!-- Generated by org.testng.reporters.JUnitReportReporter -->
<testsuite skipped="0" hostname="DESKTOP-KKIOJ2D" name="firstpackage.ForDebugging" tests="1" failures="0" timestamp="2021-02-27T19:03:41 ACDT" time="15.599" errors="0">
  <testcase name="launchApp" time="15.599" classname="firstpackage.ForDebugging"/>
  <system-out/>
</testsuite> <!-- firstpackage.ForDebugging -->
