<?xml version="1.0" encoding="UTF-8"?>
<!-- Generated by org.testng.reporters.JUnitReportReporter -->
<testsuite skipped="0" hostname="DESKTOP-KKIOJ2D" name="automationdemo.maven.demo.HelloWorldMaven" tests="1" failures="0" timestamp="2021-02-20T09:52:23 ACDT" time="0.006" errors="0">
  <testcase name="testHello" time="0.006" classname="automationdemo.maven.demo.HelloWorldMaven"/>
  <system-out/>
</testsuite> <!-- automationdemo.maven.demo.HelloWorldMaven -->
