<?xml version="1.0" encoding="UTF-8"?>
<!-- Generated by org.testng.reporters.JUnitReportReporter -->
<testsuite skipped="0" hostname="HEWC1915" name="fiori.sapn.testcases.RequestProjectE2E" tests="1" failures="0" timestamp="11 Mar 2021 00:26:35 GMT" time="13.089" errors="0">
  <testcase name="requestProject" time="13.089" classname="fiori.sapn.testcases.RequestProjectE2E"/>
</testsuite> <!-- fiori.sapn.testcases.RequestProjectE2E -->
