<?xml version="1.0" encoding="UTF-8"?>
<!-- Generated by org.testng.reporters.JUnitReportReporter -->
<testsuite skipped="0" hostname="DESKTOP-KKIOJ2D" name="seleniumgrid.testRmtDriverThreadLocal" tests="1" failures="0" timestamp="2021-02-27T11:50:32 ACDT" time="8.703" errors="0">
  <testcase name="test" time="8.703" classname="seleniumgrid.testRmtDriverThreadLocal"/>
  <system-out/>
</testsuite> <!-- seleniumgrid.testRmtDriverThreadLocal -->
