<?xml version="1.0" encoding="UTF-8"?>
<!-- Generated by org.testng.reporters.JUnitReportReporter -->
<testsuite skipped="0" hostname="DESKTOP-KKIOJ2D" name="com.looka.testcases.LogoManagement" tests="7" failures="0" timestamp="03 Mar 2021 04:46:50 GMT" time="219.327" errors="0">
  <testcase name="login" time="20.554" classname="com.looka.testcases.LogoManagement"/>
  <testcase name="addLogoToSaved" time="56.996" classname="com.looka.testcases.LogoManagement"/>
  <testcase name="addLogoToSaved" time="60.996" classname="com.looka.testcases.LogoManagement"/>
  <testcase name="deleteLogo" time="23.634" classname="com.looka.testcases.LogoManagement"/>
  <testcase name="deleteLogo" time="22.663" classname="com.looka.testcases.LogoManagement"/>
  <testcase name="deleteLogo" time="20.804" classname="com.looka.testcases.LogoManagement"/>
  <testcase name="logoff" time="13.680" classname="com.looka.testcases.LogoManagement"/>
</testsuite> <!-- com.looka.testcases.LogoManagement -->
